TN:
SF:src\services\ArrayService.ts
FN:2,(anonymous_0)
FN:4,(anonymous_1)
FN:6,(anonymous_2)
FN:13,(anonymous_3)
FNF:4
FNH:4
FNDA:1,(anonymous_0)
FNDA:5,(anonymous_1)
FNDA:10,(anonymous_2)
FNDA:17,(anonymous_3)
DA:1,1
DA:4,1
DA:5,5
DA:6,10
DA:9,5
DA:10,2
DA:12,3
DA:13,17
LF:8
LH:8
BRDA:5,0,0,2
BRDA:9,1,0,2
BRDA:12,2,0,3
BRDA:13,3,0,10
BRDA:13,3,1,7
BRF:5
BRH:5
end_of_record
TN:
SF:src\services\LoremIpsumService.ts
FN:2,(anonymous_0)
FN:4,(anonymous_1)
FNF:2
FNH:2
FNDA:1,(anonymous_0)
FNDA:2,(anonymous_1)
DA:1,1
DA:4,1
DA:6,2
DA:7,2
DA:9,2
DA:10,2
DA:11,2
DA:12,2
DA:13,2
DA:14,2
DA:15,2
DA:16,2
DA:18,2
DA:19,104
DA:20,104
DA:21,104
DA:24,104
DA:25,29
DA:26,29
DA:27,18
DA:28,18
DA:29,12
DA:30,12
DA:31,12
DA:33,6
DA:34,6
DA:37,11
DA:38,11
DA:39,11
DA:42,75
DA:43,73
DA:44,12
DA:45,12
DA:46,12
DA:48,61
DA:49,61
DA:52,2
DA:53,2
DA:60,2
LF:39
LH:39
BRDA:24,0,0,29
BRDA:24,0,1,75
BRDA:24,1,0,104
BRDA:24,1,1,30
BRDA:26,2,0,18
BRDA:26,2,1,11
BRDA:28,3,0,12
BRDA:28,3,1,6
BRDA:33,4,0,6
BRDA:37,5,0,11
BRDA:42,6,0,73
BRDA:42,6,1,2
BRDA:43,7,0,12
BRDA:43,7,1,61
BRDA:48,8,0,61
BRDA:52,9,0,2
BRF:16
BRH:16
end_of_record
TN:
SF:src\services\palavrasAleatorias.js
FNF:0
FNH:0
DA:1,1
LF:1
LH:1
BRF:0
BRH:0
end_of_record
